2025-03-21 02:34:09,578 - __main__ - INFO - Загрузка модели TensorFlow...
2025-03-21 02:34:12,157 - __main__ - INFO - Модель успешно загружена
2025-03-21 02:34:12,169 - __main__ - INFO - Старт программы
2025-03-21 02:34:12,170 - __main__ - INFO - Запуск бота...
2025-03-21 02:34:12,170 - aiogram.dispatcher - INFO - Start polling
2025-03-21 02:34:12,887 - aiogram.dispatcher - INFO - Run polling for bot @dogsaichatbot id=7492687067 - 'DogAi'
2025-03-21 02:34:34,360 - __main__ - INFO - Получена команда /start от пользователя 5537105127
2025-03-21 02:34:35,247 - aiogram.event - INFO - Update id=240597294 is handled. Duration 888 ms by bot id=7492687067
2025-03-21 02:35:42,146 - __main__ - INFO - Получено фото от пользователя 5537105127
2025-03-21 02:35:42,628 - __main__ - INFO - Фото успешно сохранено как temp_7.jpg
2025-03-21 02:35:42,628 - __main__ - INFO - Обработка изображения: temp_7.jpg
2025-03-21 02:35:42,628 - __main__ - ERROR - Ошибка в predict_breed: Could not import PIL.Image. The use of `load_img` requires PIL.
2025-03-21 02:35:42,628 - __main__ - ERROR - Произошла ошибка: Could not import PIL.Image. The use of `load_img` requires PIL.
Тип ошибки: ImportError
2025-03-21 02:35:42,796 - aiogram.event - INFO - Update id=240597295 is handled. Duration 653 ms by bot id=7492687067
2025-03-21 02:37:48,101 - __main__ - INFO - Загрузка модели TensorFlow...
2025-03-21 02:37:49,337 - __main__ - INFO - Модель успешно загружена
2025-03-21 02:37:49,348 - __main__ - INFO - Старт программы
2025-03-21 02:37:49,348 - __main__ - INFO - Запуск бота...
2025-03-21 02:37:49,348 - aiogram.dispatcher - INFO - Start polling
2025-03-21 02:37:50,047 - aiogram.dispatcher - INFO - Run polling for bot @dogsaichatbot id=7492687067 - 'DogAi'
2025-03-21 02:37:58,299 - __main__ - INFO - Получена команда /start от пользователя 5537105127
2025-03-21 02:37:59,209 - aiogram.event - INFO - Update id=240597296 is handled. Duration 910 ms by bot id=7492687067
2025-03-21 02:38:02,636 - __main__ - INFO - Получено фото от пользователя 5537105127
2025-03-21 02:38:03,105 - __main__ - INFO - Фото успешно сохранено как temp_11.jpg
2025-03-21 02:38:03,105 - __main__ - INFO - Обработка изображения: temp_11.jpg
2025-03-21 02:38:04,101 - __main__ - ERROR - Ошибка в predict_breed: 11
2025-03-21 02:38:04,101 - __main__ - ERROR - Произошла ошибка: 11
Тип ошибки: KeyError
2025-03-21 02:38:04,284 - aiogram.event - INFO - Update id=240597297 is handled. Duration 1649 ms by bot id=7492687067
2025-03-21 02:39:14,930 - __main__ - INFO - Загрузка модели TensorFlow...
2025-03-21 02:39:16,260 - __main__ - INFO - Модель успешно загружена, количество классов: 120
2025-03-21 02:39:16,271 - __main__ - INFO - Старт программы
2025-03-21 02:39:16,271 - __main__ - INFO - Запуск бота...
2025-03-21 02:39:16,272 - aiogram.dispatcher - INFO - Start polling
2025-03-21 02:39:16,903 - aiogram.dispatcher - INFO - Run polling for bot @dogsaichatbot id=7492687067 - 'DogAi'
2025-03-21 02:39:17,067 - __main__ - INFO - Получено фото от пользователя 5537105127
2025-03-21 02:39:18,059 - __main__ - INFO - Фото успешно сохранено как temp_13.jpg
2025-03-21 02:39:18,059 - __main__ - INFO - Обработка изображения: temp_13.jpg
2025-03-21 02:39:18,680 - __main__ - WARNING - Неизвестный класс: 11
2025-03-21 02:39:18,680 - __main__ - INFO - Предсказание: Неизвестная порода (класс 11) с уверенностью 99.95%
2025-03-21 02:39:18,998 - __main__ - INFO - Ответ отправлен пользователю: Неизвестная порода (класс 11) (уверенность: 99.95%)
2025-03-21 02:39:18,999 - aiogram.event - INFO - Update id=240597298 is handled. Duration 1932 ms by bot id=7492687067
2025-03-21 02:42:57,917 - __main__ - INFO - Загрузка модели TensorFlow...
2025-03-21 02:42:59,505 - __main__ - INFO - Модель успешно загружена, количество классов: 120
2025-03-21 02:42:59,523 - __main__ - INFO - Старт программы
2025-03-21 02:42:59,523 - __main__ - INFO - Запуск бота...
2025-03-21 02:42:59,523 - aiogram.dispatcher - INFO - Start polling
2025-03-21 02:43:00,208 - aiogram.dispatcher - INFO - Run polling for bot @dogsaichatbot id=7492687067 - 'DogAi'
2025-03-21 02:43:00,396 - __main__ - INFO - Получено фото от пользователя 5537105127
2025-03-21 02:43:01,337 - __main__ - INFO - Фото успешно сохранено как temp_15.jpg
2025-03-21 02:43:01,338 - __main__ - INFO - Обработка изображения: temp_15.jpg
2025-03-21 02:43:02,098 - __main__ - INFO - Предсказание: beagle с уверенностью 99.95%
2025-03-21 02:43:02,301 - __main__ - INFO - Ответ отправлен пользователю: beagle (уверенность: 99.95%)
2025-03-21 02:43:02,301 - aiogram.event - INFO - Update id=240597299 is handled. Duration 1905 ms by bot id=7492687067
2025-03-21 02:43:33,282 - __main__ - INFO - Получена команда /start от пользователя 738833074
2025-03-21 02:43:33,444 - aiogram.event - INFO - Update id=240597300 is handled. Duration 163 ms by bot id=7492687067
2025-03-21 02:43:42,461 - __main__ - INFO - Получена команда /start от пользователя 523574993
2025-03-21 02:43:42,626 - aiogram.event - INFO - Update id=240597301 is handled. Duration 165 ms by bot id=7492687067
2025-03-21 02:43:44,038 - __main__ - INFO - Получено фото от пользователя 738833074
2025-03-21 02:43:44,499 - __main__ - INFO - Фото успешно сохранено как temp_21.jpg
2025-03-21 02:43:44,499 - __main__ - INFO - Обработка изображения: temp_21.jpg
2025-03-21 02:43:44,703 - __main__ - INFO - Предсказание: Chihuahua с уверенностью 99.84%
2025-03-21 02:43:44,936 - __main__ - INFO - Ответ отправлен пользователю: Chihuahua (уверенность: 99.84%)
2025-03-21 02:43:44,937 - aiogram.event - INFO - Update id=240597302 is handled. Duration 901 ms by bot id=7492687067
2025-03-21 02:44:08,482 - __main__ - INFO - Получено фото от пользователя 523574993
2025-03-21 02:44:09,060 - __main__ - INFO - Фото успешно сохранено как temp_23.jpg
2025-03-21 02:44:09,061 - __main__ - INFO - Обработка изображения: temp_23.jpg
2025-03-21 02:44:09,313 - __main__ - INFO - Предсказание: Pembroke с уверенностью 99.41%
2025-03-21 02:44:09,544 - __main__ - INFO - Ответ отправлен пользователю: Pembroke (уверенность: 99.41%)
2025-03-21 02:44:09,546 - aiogram.event - INFO - Update id=240597303 is handled. Duration 1065 ms by bot id=7492687067
2025-03-21 02:47:51,232 - __main__ - INFO - Получено фото от пользователя 5537105127
2025-03-21 02:47:51,653 - __main__ - INFO - Фото успешно сохранено как temp_25.jpg
2025-03-21 02:47:51,654 - __main__ - INFO - Обработка изображения: temp_25.jpg
2025-03-21 02:47:51,851 - __main__ - INFO - Предсказание: Gordon_setter с уверенностью 79.07%
2025-03-21 02:47:52,033 - __main__ - INFO - Ответ отправлен пользователю: Gordon_setter (уверенность: 79.07%)
2025-03-21 02:47:52,034 - aiogram.event - INFO - Update id=240597304 is handled. Duration 804 ms by bot id=7492687067
2025-03-21 02:52:35,037 - __main__ - INFO - Загрузка модели TensorFlow...
2025-03-21 02:52:36,259 - __main__ - INFO - Модель успешно загружена, количество классов: 120
2025-03-21 02:52:36,269 - __main__ - INFO - Старт программы
2025-03-21 02:52:36,269 - __main__ - INFO - Запуск бота...
2025-03-21 02:52:36,269 - aiogram.dispatcher - INFO - Start polling
2025-03-21 02:52:36,856 - aiogram.dispatcher - INFO - Run polling for bot @dogsaichatbot id=7492687067 - 'DogAi'
2025-03-21 02:52:37,037 - __main__ - INFO - Получено фото от пользователя 738833074
2025-03-21 02:52:37,038 - __main__ - INFO - Получено фото от пользователя 523574993
2025-03-21 02:52:37,825 - __main__ - INFO - Фото успешно сохранено как temp_28.jpg
2025-03-21 02:52:37,825 - __main__ - INFO - Обработка изображения: temp_28.jpg
2025-03-21 02:52:38,455 - __main__ - INFO - Предсказание: Чёрно-подпалая енотовая гончая с уверенностью 100.00%
2025-03-21 02:52:38,456 - __main__ - INFO - Фото успешно сохранено как temp_27.jpg
2025-03-21 02:52:38,456 - __main__ - INFO - Обработка изображения: temp_27.jpg
2025-03-21 02:52:38,522 - __main__ - INFO - Предсказание: Английский сеттер с уверенностью 100.00%
2025-03-21 02:52:38,668 - __main__ - INFO - Ответ отправлен пользователю: Чёрно-подпалая енотовая гончая (уверенность: 100.00%)
2025-03-21 02:52:38,668 - aiogram.event - INFO - Update id=240597306 is handled. Duration 1631 ms by bot id=7492687067
2025-03-21 02:52:38,683 - __main__ - INFO - Ответ отправлен пользователю: Английский сеттер (уверенность: 100.00%)
2025-03-21 02:52:38,683 - aiogram.event - INFO - Update id=240597305 is handled. Duration 1647 ms by bot id=7492687067
2025-03-21 02:52:47,769 - __main__ - INFO - Получено фото от пользователя 5537105127
2025-03-21 02:52:48,535 - __main__ - INFO - Фото успешно сохранено как temp_31.jpg
2025-03-21 02:52:48,535 - __main__ - INFO - Обработка изображения: temp_31.jpg
2025-03-21 02:52:48,626 - __main__ - INFO - Предсказание: Гордон сеттер с уверенностью 94.87%
2025-03-21 02:52:48,940 - __main__ - INFO - Ответ отправлен пользователю: Гордон сеттер (уверенность: 94.87%)
2025-03-21 02:52:48,940 - aiogram.event - INFO - Update id=240597307 is handled. Duration 1172 ms by bot id=7492687067
2025-03-21 02:54:42,430 - __main__ - INFO - Получено фото от пользователя 738833074
2025-03-21 02:54:42,969 - __main__ - INFO - Фото успешно сохранено как temp_33.jpg
2025-03-21 02:54:42,969 - __main__ - INFO - Обработка изображения: temp_33.jpg
2025-03-21 02:54:43,221 - __main__ - INFO - Предсказание: Миниатюрный пинчер с уверенностью 81.95%
2025-03-21 02:54:43,433 - __main__ - INFO - Ответ отправлен пользователю: Миниатюрный пинчер (уверенность: 81.95%)
2025-03-21 02:54:43,433 - aiogram.event - INFO - Update id=240597308 is handled. Duration 1006 ms by bot id=7492687067
2025-03-21 02:54:43,998 - __main__ - INFO - Получено фото от пользователя 523574993
2025-03-21 02:54:44,703 - __main__ - INFO - Фото успешно сохранено как temp_35.jpg
2025-03-21 02:54:44,703 - __main__ - INFO - Обработка изображения: temp_35.jpg
2025-03-21 02:54:44,830 - __main__ - INFO - Предсказание: Мопс с уверенностью 99.99%
2025-03-21 02:54:45,095 - __main__ - INFO - Ответ отправлен пользователю: Мопс (уверенность: 99.99%)
2025-03-21 02:54:45,095 - aiogram.event - INFO - Update id=240597309 is handled. Duration 1098 ms by bot id=7492687067
2025-03-21 02:54:49,902 - __main__ - INFO - Получено фото от пользователя 5537105127
2025-03-21 02:54:50,236 - __main__ - INFO - Фото успешно сохранено как temp_37.jpg
2025-03-21 02:54:50,237 - __main__ - INFO - Обработка изображения: temp_37.jpg
2025-03-21 02:54:50,371 - __main__ - INFO - Предсказание: Суссекс-спаниель с уверенностью 93.10%
2025-03-21 02:54:50,579 - __main__ - INFO - Ответ отправлен пользователю: Суссекс-спаниель (уверенность: 93.10%)
2025-03-21 02:54:50,579 - aiogram.event - INFO - Update id=240597310 is handled. Duration 678 ms by bot id=7492687067
2025-03-21 02:56:11,306 - __main__ - INFO - Получено фото от пользователя 523574993
2025-03-21 02:56:11,691 - __main__ - INFO - Фото успешно сохранено как temp_39.jpg
2025-03-21 02:56:11,692 - __main__ - INFO - Обработка изображения: temp_39.jpg
2025-03-21 02:56:12,173 - __main__ - INFO - Предсказание: Боксёр с уверенностью 47.00%
2025-03-21 02:56:12,583 - __main__ - INFO - Ответ отправлен пользователю: Боксёр (уверенность: 47.00%)
2025-03-21 02:56:12,584 - aiogram.event - INFO - Update id=240597311 is handled. Duration 1283 ms by bot id=7492687067
2025-03-21 02:56:27,814 - __main__ - INFO - Получено фото от пользователя 738833074
2025-03-21 02:56:28,163 - __main__ - INFO - Фото успешно сохранено как temp_41.jpg
2025-03-21 02:56:28,164 - __main__ - INFO - Обработка изображения: temp_41.jpg
2025-03-21 02:56:28,263 - __main__ - INFO - Предсказание: Ротвейлер с уверенностью 100.00%
2025-03-21 02:56:28,412 - __main__ - INFO - Ответ отправлен пользователю: Ротвейлер (уверенность: 100.00%)
2025-03-21 02:56:28,413 - aiogram.event - INFO - Update id=240597312 is handled. Duration 601 ms by bot id=7492687067
2025-03-21 02:57:09,384 - __main__ - INFO - Получено фото от пользователя 523574993
2025-03-21 02:57:09,741 - __main__ - INFO - Фото успешно сохранено как temp_43.jpg
2025-03-21 02:57:09,741 - __main__ - INFO - Обработка изображения: temp_43.jpg
2025-03-21 02:57:09,991 - __main__ - INFO - Предсказание: Борзая с уверенностью 99.37%
2025-03-21 02:57:10,151 - __main__ - INFO - Ответ отправлен пользователю: Борзая (уверенность: 99.37%)
2025-03-21 02:57:10,152 - aiogram.event - INFO - Update id=240597313 is handled. Duration 769 ms by bot id=7492687067
2025-03-21 02:58:52,379 - __main__ - INFO - Загрузка модели TensorFlow...
2025-03-21 02:58:54,174 - __main__ - INFO - Модель успешно загружена, количество классов: 120
2025-03-21 02:58:54,191 - __main__ - INFO - Старт программы
2025-03-21 02:58:54,191 - __main__ - INFO - Запуск бота...
2025-03-21 02:58:54,192 - aiogram.dispatcher - INFO - Start polling
2025-03-21 02:58:54,874 - aiogram.dispatcher - INFO - Run polling for bot @dogsaichatbot id=7492687067 - 'DogAi'
2025-03-21 02:58:55,038 - __main__ - INFO - Получено фото от пользователя 5537105127
2025-03-21 02:58:56,253 - __main__ - INFO - Фото успешно сохранено как temp_45.jpg
2025-03-21 02:58:56,254 - __main__ - INFO - Обработка изображения: temp_45.jpg
2025-03-21 02:58:57,015 - __main__ - INFO - Предсказание: Я думаю, это может быть:
2025-03-21 02:58:57,212 - __main__ - INFO - Ответ отправлен пользователю: Я думаю, это может быть:
2025-03-21 02:58:57,213 - aiogram.event - INFO - Update id=240597314 is handled. Duration 2175 ms by bot id=7492687067
2025-03-21 02:59:23,929 - __main__ - INFO - Получено фото от пользователя 523574993
2025-03-21 02:59:24,509 - __main__ - INFO - Фото успешно сохранено как temp_47.jpg
2025-03-21 02:59:24,509 - __main__ - INFO - Обработка изображения: temp_47.jpg
2025-03-21 02:59:24,638 - __main__ - INFO - Предсказание: Я думаю, это может быть:
2025-03-21 02:59:24,876 - __main__ - INFO - Ответ отправлен пользователю: Я думаю, это может быть:
2025-03-21 02:59:24,876 - aiogram.event - INFO - Update id=240597315 is handled. Duration 949 ms by bot id=7492687067
2025-03-21 02:59:26,170 - __main__ - INFO - Получено фото от пользователя 738833074
2025-03-21 02:59:26,501 - __main__ - INFO - Фото успешно сохранено как temp_49.jpg
2025-03-21 02:59:26,501 - __main__ - INFO - Обработка изображения: temp_49.jpg
2025-03-21 02:59:26,581 - __main__ - INFO - Предсказание: Я думаю, это может быть:
2025-03-21 02:59:26,763 - __main__ - INFO - Ответ отправлен пользователю: Я думаю, это может быть:
2025-03-21 02:59:26,764 - aiogram.event - INFO - Update id=240597316 is handled. Duration 594 ms by bot id=7492687067
2025-03-21 02:59:42,420 - __main__ - INFO - Получено фото от пользователя 738833074
2025-03-21 02:59:42,877 - __main__ - INFO - Фото успешно сохранено как temp_51.jpg
2025-03-21 02:59:42,877 - __main__ - INFO - Обработка изображения: temp_51.jpg
2025-03-21 02:59:43,016 - __main__ - INFO - Предсказание: Я думаю, это может быть:
2025-03-21 02:59:43,205 - __main__ - INFO - Ответ отправлен пользователю: Я думаю, это может быть:
2025-03-21 02:59:43,208 - aiogram.event - INFO - Update id=240597317 is handled. Duration 789 ms by bot id=7492687067
2025-03-21 02:59:50,865 - __main__ - INFO - Получено фото от пользователя 738833074
2025-03-21 02:59:51,187 - __main__ - INFO - Фото успешно сохранено как temp_53.jpg
2025-03-21 02:59:51,187 - __main__ - INFO - Обработка изображения: temp_53.jpg
2025-03-21 02:59:51,298 - __main__ - INFO - Предсказание: Я думаю, это может быть:
2025-03-21 02:59:51,524 - __main__ - INFO - Ответ отправлен пользователю: Я думаю, это может быть:
2025-03-21 02:59:51,524 - aiogram.event - INFO - Update id=240597318 is handled. Duration 660 ms by bot id=7492687067
2025-03-21 02:59:57,814 - __main__ - INFO - Получена команда /start от пользователя 1844642345
2025-03-21 02:59:58,008 - aiogram.event - INFO - Update id=240597319 is handled. Duration 195 ms by bot id=7492687067
2025-03-21 03:00:02,570 - __main__ - INFO - Получено фото от пользователя 738833074
2025-03-21 03:00:02,919 - __main__ - INFO - Фото успешно сохранено как temp_57.jpg
2025-03-21 03:00:02,919 - __main__ - INFO - Обработка изображения: temp_57.jpg
2025-03-21 03:00:03,071 - __main__ - INFO - Предсказание: Я думаю, это может быть:
2025-03-21 03:00:03,271 - __main__ - INFO - Ответ отправлен пользователю: Я думаю, это может быть:
2025-03-21 03:00:03,272 - aiogram.event - INFO - Update id=240597320 is handled. Duration 703 ms by bot id=7492687067
2025-03-21 03:00:11,284 - __main__ - INFO - Получено текстовое сообщение от пользователя 1844642345: None
2025-03-21 03:00:11,442 - aiogram.event - INFO - Update id=240597321 is handled. Duration 158 ms by bot id=7492687067
2025-03-21 03:00:16,340 - __main__ - INFO - Получено фото от пользователя 738833074
2025-03-21 03:00:16,764 - __main__ - INFO - Фото успешно сохранено как temp_61.jpg
2025-03-21 03:00:16,764 - __main__ - INFO - Обработка изображения: temp_61.jpg
2025-03-21 03:00:16,839 - __main__ - INFO - Предсказание: Я думаю, это может быть:
2025-03-21 03:00:17,057 - __main__ - INFO - Ответ отправлен пользователю: Я думаю, это может быть:
2025-03-21 03:00:17,057 - aiogram.event - INFO - Update id=240597322 is handled. Duration 719 ms by bot id=7492687067
2025-03-21 03:00:33,172 - __main__ - INFO - Получено текстовое сообщение от пользователя 1844642345: None
2025-03-21 03:00:33,330 - aiogram.event - INFO - Update id=240597323 is handled. Duration 161 ms by bot id=7492687067
2025-03-21 03:00:52,207 - __main__ - INFO - Получено текстовое сообщение от пользователя 1844642345: None
2025-03-21 03:00:52,366 - aiogram.event - INFO - Update id=240597324 is handled. Duration 161 ms by bot id=7492687067
2025-03-21 03:01:17,333 - __main__ - INFO - Получено фото от пользователя 1844642345
2025-03-21 03:01:17,796 - __main__ - INFO - Фото успешно сохранено как temp_67.jpg
2025-03-21 03:01:17,796 - __main__ - INFO - Обработка изображения: temp_67.jpg
2025-03-21 03:01:17,953 - __main__ - INFO - Предсказание: Я думаю, это может быть:
2025-03-21 03:01:18,131 - __main__ - INFO - Ответ отправлен пользователю: Я думаю, это может быть:
2025-03-21 03:01:18,132 - aiogram.event - INFO - Update id=240597325 is handled. Duration 801 ms by bot id=7492687067
2025-03-21 03:01:19,287 - __main__ - INFO - Получено фото от пользователя 738833074
2025-03-21 03:01:19,728 - __main__ - INFO - Фото успешно сохранено как temp_69.jpg
2025-03-21 03:01:19,728 - __main__ - INFO - Обработка изображения: temp_69.jpg
2025-03-21 03:01:19,806 - __main__ - INFO - Предсказание: Я думаю, это может быть:
2025-03-21 03:01:19,976 - __main__ - INFO - Ответ отправлен пользователю: Я думаю, это может быть:
2025-03-21 03:01:19,976 - aiogram.event - INFO - Update id=240597326 is handled. Duration 689 ms by bot id=7492687067
2025-03-21 03:01:23,960 - __main__ - INFO - Получено фото от пользователя 1844642345
2025-03-21 03:01:24,303 - __main__ - INFO - Фото успешно сохранено как temp_71.jpg
2025-03-21 03:01:24,304 - __main__ - INFO - Обработка изображения: temp_71.jpg
2025-03-21 03:01:24,399 - __main__ - INFO - Предсказание: Я думаю, это может быть:
2025-03-21 03:01:24,603 - __main__ - INFO - Ответ отправлен пользователю: Я думаю, это может быть:
2025-03-21 03:01:24,603 - aiogram.event - INFO - Update id=240597327 is handled. Duration 643 ms by bot id=7492687067
2025-03-21 03:03:10,456 - __main__ - INFO - Получено фото от пользователя 738833074
2025-03-21 03:03:10,950 - __main__ - INFO - Фото успешно сохранено как temp_73.jpg
2025-03-21 03:03:10,950 - __main__ - INFO - Обработка изображения: temp_73.jpg
2025-03-21 03:03:11,254 - __main__ - INFO - Предсказание: Я думаю, это может быть:
2025-03-21 03:03:11,426 - __main__ - INFO - Ответ отправлен пользователю: Я думаю, это может быть:
2025-03-21 03:03:11,427 - aiogram.event - INFO - Update id=240597328 is handled. Duration 972 ms by bot id=7492687067
2025-03-21 03:04:13,004 - __main__ - INFO - Получена команда /start от пользователя 1065318894
2025-03-21 03:04:13,149 - aiogram.event - INFO - Update id=240597329 is handled. Duration 147 ms by bot id=7492687067
2025-03-21 03:04:40,944 - __main__ - INFO - Получено фото от пользователя 1065318894
2025-03-21 03:04:41,328 - __main__ - INFO - Фото успешно сохранено как temp_77.jpg
2025-03-21 03:04:41,329 - __main__ - INFO - Обработка изображения: temp_77.jpg
2025-03-21 03:04:41,647 - __main__ - INFO - Предсказание: Я думаю, это может быть:
2025-03-21 03:04:41,844 - __main__ - INFO - Ответ отправлен пользователю: Я думаю, это может быть:
2025-03-21 03:04:41,844 - aiogram.event - INFO - Update id=240597330 is handled. Duration 902 ms by bot id=7492687067
2025-03-24 12:29:06,879 - __main__ - INFO - Загрузка модели TensorFlow...
2025-03-24 12:29:08,278 - __main__ - INFO - Модель успешно загружена, количество классов: 120
2025-03-24 12:29:08,288 - __main__ - INFO - Старт программы
2025-03-24 12:29:08,289 - __main__ - INFO - Запуск бота...
2025-03-24 12:29:08,289 - aiogram.dispatcher - INFO - Start polling
2025-03-24 12:29:08,753 - aiogram.dispatcher - INFO - Run polling for bot @dogsaichatbot id=7492687067 - 'DogAi'
2025-03-24 12:29:08,891 - __main__ - INFO - Получена команда /start от пользователя 523574993
2025-03-24 12:29:08,893 - __main__ - INFO - Получено фото от пользователя 1844642345
2025-03-24 12:29:08,893 - __main__ - INFO - Получено фото от пользователя 1844642345
2025-03-24 12:29:08,893 - __main__ - INFO - Получено фото от пользователя 523574993
2025-03-24 12:29:08,894 - __main__ - INFO - Получено фото от пользователя 1844642345
2025-03-24 12:29:09,450 - aiogram.event - INFO - Update id=240597339 is handled. Duration 559 ms by bot id=7492687067
2025-03-24 12:29:09,681 - __main__ - INFO - Фото успешно сохранено как temp_84.jpg
2025-03-24 12:29:09,682 - __main__ - INFO - Обработка изображения: temp_84.jpg
2025-03-24 12:29:10,883 - __main__ - INFO - Предсказание: Я думаю, это может быть:
2025-03-24 12:29:10,931 - __main__ - INFO - Фото успешно сохранено как temp_86.jpg
2025-03-24 12:29:10,932 - __main__ - INFO - Обработка изображения: temp_86.jpg
2025-03-24 12:29:11,257 - __main__ - INFO - Предсказание: Я думаю, это может быть:
2025-03-24 12:29:11,258 - __main__ - INFO - Фото успешно сохранено как temp_83.jpg
2025-03-24 12:29:11,258 - __main__ - INFO - Обработка изображения: temp_83.jpg
2025-03-24 12:29:11,451 - __main__ - INFO - Предсказание: Я думаю, это может быть:
2025-03-24 12:29:11,454 - __main__ - INFO - Ответ отправлен пользователю: Я думаю, это может быть:
2025-03-24 12:29:11,457 - aiogram.event - INFO - Update id=240597336 is handled. Duration 2566 ms by bot id=7492687067
2025-03-24 12:29:11,458 - __main__ - INFO - Фото успешно сохранено как temp_85.jpg
2025-03-24 12:29:11,460 - __main__ - INFO - Обработка изображения: temp_85.jpg
2025-03-24 12:29:11,624 - __main__ - INFO - Предсказание: Я думаю, это может быть:
2025-03-24 12:29:11,626 - __main__ - INFO - Ответ отправлен пользователю: Я думаю, это может быть:
2025-03-24 12:29:11,626 - aiogram.event - INFO - Update id=240597338 is handled. Duration 2735 ms by bot id=7492687067
2025-03-24 12:29:11,663 - __main__ - INFO - Ответ отправлен пользователю: Я думаю, это может быть:
2025-03-24 12:29:11,664 - aiogram.event - INFO - Update id=240597335 is handled. Duration 2774 ms by bot id=7492687067
2025-03-24 12:29:11,898 - __main__ - INFO - Ответ отправлен пользователю: Я думаю, это может быть:
2025-03-24 12:29:11,899 - aiogram.event - INFO - Update id=240597337 is handled. Duration 3008 ms by bot id=7492687067
2025-03-24 12:29:37,963 - __main__ - INFO - Получено фото от пользователя 1844642345
2025-03-24 12:30:08,534 - __main__ - ERROR - Произошла ошибка: 
Тип ошибки: TimeoutError
2025-03-24 12:30:44,810 - __main__ - INFO - Загрузка модели TensorFlow...
2025-03-24 12:30:46,304 - __main__ - INFO - Модель успешно загружена, количество классов: 120
2025-03-24 12:30:46,315 - __main__ - INFO - Старт программы
2025-03-24 12:30:46,316 - __main__ - INFO - Запуск бота...
2025-03-24 12:30:46,317 - aiogram.dispatcher - INFO - Start polling
2025-03-24 12:30:46,541 - aiogram.dispatcher - INFO - Run polling for bot @dogsaichatbot id=7492687067 - 'DogAi'
2025-03-24 12:30:46,626 - __main__ - INFO - Получена команда /start от пользователя 1844642345
2025-03-24 12:30:46,627 - __main__ - INFO - Получена команда /start от пользователя 523574993
2025-03-24 12:30:46,627 - __main__ - INFO - Получена команда /start от пользователя 5537105127
2025-03-24 12:30:46,628 - __main__ - INFO - Получена команда /start от пользователя 523574993
2025-03-24 12:30:46,628 - __main__ - INFO - Получена команда /start от пользователя 1844642345
2025-03-24 12:30:46,946 - aiogram.event - INFO - Update id=240597341 is handled. Duration 320 ms by bot id=7492687067
2025-03-24 12:30:46,947 - aiogram.event - INFO - Update id=240597343 is handled. Duration 319 ms by bot id=7492687067
2025-03-24 12:30:46,982 - aiogram.event - INFO - Update id=240597345 is handled. Duration 353 ms by bot id=7492687067
2025-03-24 12:30:47,005 - aiogram.event - INFO - Update id=240597344 is handled. Duration 377 ms by bot id=7492687067
2025-03-24 12:30:47,038 - aiogram.event - INFO - Update id=240597342 is handled. Duration 411 ms by bot id=7492687067
2025-03-24 12:31:27,175 - __main__ - INFO - Получено фото от пользователя 1844642345
2025-03-24 12:31:27,509 - __main__ - INFO - Фото успешно сохранено как temp_104.jpg
2025-03-24 12:31:27,509 - __main__ - INFO - Обработка изображения: temp_104.jpg
2025-03-24 12:31:29,134 - __main__ - INFO - Предсказание: Я думаю, это может быть:
2025-03-24 12:31:29,344 - __main__ - INFO - Ответ отправлен пользователю: Я думаю, это может быть:
2025-03-24 12:31:29,345 - aiogram.event - INFO - Update id=240597346 is handled. Duration 2172 ms by bot id=7492687067
2025-03-24 12:31:42,734 - __main__ - INFO - Получена команда /start от пользователя 5537105127
2025-03-24 12:31:42,826 - aiogram.event - INFO - Update id=240597347 is handled. Duration 93 ms by bot id=7492687067
2025-03-24 12:31:52,868 - __main__ - INFO - Получено фото от пользователя 1844642345
2025-03-24 12:31:53,111 - __main__ - INFO - Фото успешно сохранено как temp_108.jpg
2025-03-24 12:31:53,111 - __main__ - INFO - Обработка изображения: temp_108.jpg
2025-03-24 12:31:53,300 - __main__ - INFO - Предсказание: Я думаю, это может быть:
2025-03-24 12:31:53,517 - __main__ - INFO - Ответ отправлен пользователю: Я думаю, это может быть:
2025-03-24 12:31:53,517 - aiogram.event - INFO - Update id=240597348 is handled. Duration 652 ms by bot id=7492687067
2025-03-24 12:32:24,969 - __main__ - INFO - Получено фото от пользователя 1844642345
2025-03-24 12:32:25,350 - __main__ - INFO - Фото успешно сохранено как temp_110.jpg
2025-03-24 12:32:25,351 - __main__ - INFO - Обработка изображения: temp_110.jpg
2025-03-24 12:32:27,216 - __main__ - INFO - Предсказание: Я думаю, это может быть:
2025-03-24 12:32:28,569 - __main__ - INFO - Ответ отправлен пользователю: Я думаю, это может быть:
2025-03-24 12:32:28,571 - aiogram.event - INFO - Update id=240597349 is handled. Duration 3607 ms by bot id=7492687067
2025-03-24 12:32:39,017 - __main__ - INFO - Получено фото от пользователя 1844642345
2025-03-24 12:32:39,446 - __main__ - INFO - Фото успешно сохранено как temp_112.jpg
2025-03-24 12:32:39,447 - __main__ - INFO - Обработка изображения: temp_112.jpg
2025-03-24 12:32:40,119 - __main__ - INFO - Предсказание: Я думаю, это может быть:
2025-03-24 12:32:41,419 - __main__ - INFO - Ответ отправлен пользователю: Я думаю, это может быть:
2025-03-24 12:32:41,419 - aiogram.event - INFO - Update id=240597350 is handled. Duration 2407 ms by bot id=7492687067
2025-03-24 12:32:53,593 - __main__ - INFO - Получено фото от пользователя 1844642345
2025-03-24 12:32:53,958 - __main__ - INFO - Фото успешно сохранено как temp_114.jpg
2025-03-24 12:32:53,959 - __main__ - INFO - Обработка изображения: temp_114.jpg
2025-03-24 12:32:54,155 - __main__ - INFO - Предсказание: Я думаю, это может быть:
2025-03-24 12:32:54,277 - __main__ - INFO - Ответ отправлен пользователю: Я думаю, это может быть:
2025-03-24 12:32:54,278 - aiogram.event - INFO - Update id=240597351 is handled. Duration 687 ms by bot id=7492687067
2025-03-24 12:33:53,548 - __main__ - INFO - Получено фото от пользователя 1844642345
2025-03-24 12:33:53,768 - __main__ - INFO - Фото успешно сохранено как temp_116.jpg
2025-03-24 12:33:53,768 - __main__ - INFO - Обработка изображения: temp_116.jpg
2025-03-24 12:33:53,902 - __main__ - INFO - Предсказание: Я думаю, это может быть:
2025-03-24 12:33:54,122 - __main__ - INFO - Ответ отправлен пользователю: Я думаю, это может быть:
2025-03-24 12:33:54,123 - aiogram.event - INFO - Update id=240597352 is handled. Duration 576 ms by bot id=7492687067
2025-03-24 12:34:13,397 - __main__ - INFO - Получено фото от пользователя 5537105127
2025-03-24 12:34:13,617 - __main__ - INFO - Фото успешно сохранено как temp_118.jpg
2025-03-24 12:34:13,618 - __main__ - INFO - Обработка изображения: temp_118.jpg
2025-03-24 12:34:13,750 - __main__ - INFO - Предсказание: Я думаю, это может быть:
2025-03-24 12:34:13,890 - __main__ - INFO - Ответ отправлен пользователю: Я думаю, это может быть:
2025-03-24 12:34:13,891 - aiogram.event - INFO - Update id=240597353 is handled. Duration 496 ms by bot id=7492687067
2025-03-24 12:35:19,886 - __main__ - INFO - Получена команда /start от пользователя 1844642345
2025-03-24 12:35:19,975 - aiogram.event - INFO - Update id=240597354 is handled. Duration 92 ms by bot id=7492687067
2025-03-24 12:35:23,140 - __main__ - INFO - Получена команда /start от пользователя 1844642345
2025-03-24 12:35:23,253 - aiogram.event - INFO - Update id=240597355 is handled. Duration 113 ms by bot id=7492687067
2025-03-24 12:37:10,887 - __main__ - INFO - Получено фото от пользователя 523574993
2025-03-24 12:37:11,259 - __main__ - INFO - Фото успешно сохранено как temp_124.jpg
2025-03-24 12:37:11,259 - __main__ - INFO - Обработка изображения: temp_124.jpg
2025-03-24 12:37:11,555 - __main__ - INFO - Предсказание: Я думаю, это может быть:
2025-03-24 12:37:11,709 - __main__ - INFO - Ответ отправлен пользователю: Я думаю, это может быть:
2025-03-24 12:37:11,709 - aiogram.event - INFO - Update id=240597356 is handled. Duration 826 ms by bot id=7492687067
2025-03-24 12:37:56,338 - __main__ - INFO - Получено фото от пользователя 523574993
2025-03-24 12:37:56,984 - __main__ - INFO - Фото успешно сохранено как temp_126.jpg
2025-03-24 12:37:56,984 - __main__ - INFO - Обработка изображения: temp_126.jpg
2025-03-24 12:37:57,213 - __main__ - INFO - Предсказание: Я думаю, это может быть:
2025-03-24 12:37:57,338 - __main__ - INFO - Ответ отправлен пользователю: Я думаю, это может быть:
2025-03-24 12:37:57,339 - aiogram.event - INFO - Update id=240597357 is handled. Duration 1004 ms by bot id=7492687067
2025-03-24 12:38:09,549 - __main__ - INFO - Получено фото от пользователя 523574993
2025-03-24 12:38:10,023 - __main__ - INFO - Фото успешно сохранено как temp_128.jpg
2025-03-24 12:38:10,023 - __main__ - INFO - Обработка изображения: temp_128.jpg
2025-03-24 12:38:10,139 - __main__ - INFO - Предсказание: Я думаю, это может быть:
2025-03-24 12:38:10,266 - __main__ - INFO - Ответ отправлен пользователю: Я думаю, это может быть:
2025-03-24 12:38:10,266 - aiogram.event - INFO - Update id=240597358 is handled. Duration 719 ms by bot id=7492687067
